output.s=1.k=1
2583.000
-1439.873990
output.s=5.k=1
2728.000
-1436.360138
output.s=10.k=1
2661.000
-1436.360138
output.s=50.k=1
2698.000
-1436.360138
output.s=100.k=1
2754.000
-1436.360138
output.s=500.k=1
2816.000
-1436.360138
output.s=1000.k=1
2706.000
-1436.360138
output.s=1.k=5
2766.000
-1375.793152
output.s=5.k=5
3219.000
-1360.293876
output.s=10.k=5
3433.000
-1359.829402
output.s=50.k=5
4209.000
-1359.829402
output.s=100.k=5
4246.000
-1359.829402
output.s=500.k=5
4246.000
-1359.829402
output.s=1000.k=5
4326.000
-1359.829402
output.s=1.k=10
3012.000
-1375.922818
output.s=5.k=10
3437.000
-1357.887627
output.s=10.k=10
4263.000
-1354.642177
output.s=20.k=10
5514.000
-1354.642177
output.s=50.k=10
7711.000
-1354.642177
output.s=100.k=10
9070.000
-1354.642177
output.s=500.k=10
12507.000
-1354.642177
output.s=1000.k=10
12671.000
-1354.642177
output.s=1.k=50
3476.000
-1374.865085
output.s=5.k=50
5778.000
-1355.897952
output.s=10.k=50
8741.000
-1353.247828
output.s=50.k=50
29186.000
-1353.247828
output.s=1000.k=50
123168.000
-1353.247828
output.s=1.k=100
3350.000
-1374.865085
output.s=5.k=100
5646.000
-1355.897952
output.s=10.k=100
8397.000
-1353.247828
output.s=50.k=100
26555.000
-1353.247828
output.s=100.k=100
44002.000
-1353.247828
output.s=500.k=100
103322.000
-1353.247828
output.s=1000.k=100
124648.000
-1353.247828
