part2.s=1.k=1
2902.000
-1651.641211
part2.s=5.k=1
3050.000
-1397.775881
part2.s=10.k=1
3241.000
-1387.144844
part2.s=50.k=1
3765.000
-1384.609459
part2.s=100.k=1
3789.000
-1384.609459
part2.s=500.k=1
3803.000
-1384.609459
part2.s=1000.k=1
3740.000
-1384.609459
part2.s=1.k=5
3020.000
-1591.764765
part2.s=5.k=5
3657.000
-1389.243533
part2.s=10.k=5
4484.000
-1337.094127
part2.s=50.k=5
11472.000
-1306.611861
part2.s=100.k=5
18414.000
-1306.611861
part2.s=500.k=5
29548.000
-1306.611861
part2.s=1000.k=5
29966.000
-1306.611861
part2.s=1.k=10
3108.000
-1593.042204
part2.s=5.k=10
4161.000
-1387.737958
part2.s=10.k=10
5278.000
-1350.181570
part2.s=50.k=10
16394.000
-1302.537950
part2.s=100.k=10
29513.000
-1301.298956
part2.s=500.k=10
95050.000
-1301.298956
part2.s=1000.k=10
111304.000
-1301.298956
part2.s=1.k=50
3641.000
-1590.923218
part2.s=5.k=50
5773.000
-1394.542332
part2.s=10.k=50
8561.000
-1351.860180
part2.s=50.k=50
32949.000
-1309.493161
part2.s=100.k=50
63083.000
-1300.526262
part2.s=500.k=50
283367.000
-1300.526262
part2.s=1000.k=50
502864.000
-1300.526262
part2.s=1.k=100
3587.000
-1590.923218
part2.s=5.k=100
6563.000
-1394.542332
part2.s=10.k=100
10403.000
-1351.860180
part2.s=50.k=100
40701.000
-1309.493161
part2.s=100.k=100
78737.000
-1300.526262
part2.s=500.k=100
356881.000
-1300.526262
part2.s=1000.k=100
640714.000
-1300.526262
