part2.s=1.k=1
2787.000
-1638.406854
part2.s=5.k=1
3171.000
-1409.763297
part2.s=10.k=1
3364.000
-1379.529867
part2.s=50.k=1
5448.000
-1360.722106
part2.s=100.k=1
6489.000
-1359.423407
part2.s=500.k=1
7488.000
-1359.423407
part2.s=1000.k=1
7500.000
-1359.423407
part2.s=1.k=5
2965.000
-1586.833683
part2.s=5.k=5
3813.000
-1409.538612
part2.s=10.k=5
4720.000
-1346.745975
part2.s=50.k=5
13091.000
-1294.166743
part2.s=100.k=5
23149.000
-1289.111409
part2.s=500.k=5
85998.000
-1285.298324
part2.s=1000.k=5
124202.000
-1285.298324
part2.s=1.k=10
3128.000
-1583.330253
part2.s=5.k=10
4312.000
-1414.540515
part2.s=10.k=10
6079.000
-1359.129331
part2.s=50.k=10
19021.000
-1289.862574
part2.s=100.k=10
34199.000
-1284.119198
part2.s=500.k=10
150898.000
-1281.046784
part2.s=1000.k=10
274580.000
-1280.052391
part2.s=1.k=50
3656.000
-1583.236256
part2.s=5.k=50
7032.000
-1414.540612
part2.s=10.k=50
10961.000
-1359.473292
part2.s=50.k=50
42005.000
-1296.985127
part2.s=100.k=50
81266.000
-1284.625401
part2.s=500.k=50
369130.000
-1280.507241
part2.s=1000.k=50
728726.000
-1279.674461
part2.s=1.k=100
3830.000
-1583.236256
part2.s=5.k=100
8411.000
-1414.540612
part2.s=10.k=100
12964.000
-1359.140674
part2.s=50.k=100
53239.000
-1297.060349
part2.s=100.k=100
103625.000
-1284.625401
part2.s=500.k=100
475223.000
-1280.507241
part2.s=1000.k=100
919279.000
-1279.674461
